#
# A fatal error has been detected by the Java Runtime Environment:
#
#  EXCEPTION_ACCESS_VIOLATION (0xc0000005) at pc=0x00007ffb0e4aef1f, pid=94180, tid=0x000000000000af3c
#
# JRE version: Java(TM) SE Runtime Environment (8.0_202-b08) (build 1.8.0_202-b08)
# Java VM: Java HotSpot(TM) 64-Bit Server VM (25.202-b08 mixed mode windows-amd64 compressed oops)
# Problematic frame:
# C  [CLIPSJNI.dll+0x1ef1f]
#
# Failed to write core dump. Minidumps are not enabled by default on client versions of Windows
#
# If you would like to submit a bug report, please visit:
#   http://bugreport.java.com/bugreport/crash.jsp
# The crash happened outside the Java Virtual Machine in native code.
# See problematic frame for where to report the bug.
#

---------------  T H R E A D  ---------------

Current thread (0x000000001a61f000):  JavaThread "AWT-EventQueue-0" [_thread_in_native, id=44860, stack(0x000000001d120000,0x000000001d220000)]

siginfo: ExceptionCode=0xc0000005, reading address 0x000000000000000c

Registers:
RAX=0x0000000000000000, RBX=0x000000001d272848, RCX=0x0000000000794f10, RDX=0x000000001a61f1f8
RSP=0x000000001d21cbd0, RBP=0x000000001d21ccd0, RSI=0x00000000006b5949, RDI=0x000000001177d000
R8 =0x00000000007936e0, R9 =0x00000000000000dc, R10=0x00000000027e8c3b, R11=0x000000005dfbcf20
R12=0x0000000000000000, R13=0x000000001d272848, R14=0x000000001d21cd00, R15=0x000000001a61f000
RIP=0x00007ffb0e4aef1f, EFLAGS=0x0000000000010206

Top of Stack: (sp=0x000000001d21cbd0)
0x000000001d21cbd0:   000000001d21e680 000000001d21e4d0
0x000000001d21cbe0:   000000001a61f000 000000001d21cc10
0x000000001d21cbf0:   000000001a61f1f8 00000000027d835d
0x000000001d21cc00:   00000000d67fc7a8 00007ffb0e541e61
0x000000001d21cc10:   00000000007936e0 000000001a61f1f8
0x000000001d21cc20:   0000000000000162 00000000000000c5
0x000000001d21cc30:   000000001a61f1f8 0000000000000000
0x000000001d21cc40:   0000000000000000 00000000027e8c67
0x000000001d21cc50:   000000001a61f1f8 000000001d21cd00
0x000000001d21cc60:   00000000007936e0 00000000d6b29048
0x000000001d21cc70:   00000000d6b23a98 00000000d64a7400
0x000000001d21cc80:   000000001a61f000 0000000017179d00
0x000000001d21cc90:   000000001d21cc90 0000000000000000
0x000000001d21cca0:   000000001d21cd00 000000001d275210
0x000000001d21ccb0:   0000000000000000 000000001d272848
0x000000001d21ccc0:   0000000000000000 000000001d21ccf0 

Instructions: (pc=0x00007ffb0e4aef1f)
0x00007ffb0e4aeeff:   cc 48 89 4c 24 08 48 83 ec 38 b8 08 00 00 00 48
0x00007ffb0e4aef0f:   6b c0 2a 48 8b 4c 24 40 48 8b 49 28 48 8b 04 01
0x00007ffb0e4aef1f:   83 78 0c 00 74 05 e9 6a 02 00 00 b8 08 00 00 00
0x00007ffb0e4aef2f:   48 6b c0 2a 48 8b 4c 24 40 48 8b 49 28 48 8b 04 


Register to memory mapping:

RAX=0x0000000000000000 is an unknown value
RBX={method} {0x000000001d272850} 'reset' '(J)V' in 'net/sf/clipsrules/jni/Environment'
RCX=0x0000000000794f10 is an unknown value
RDX=0x000000001a61f1f8 is an unknown value
RSP=0x000000001d21cbd0 is pointing into the stack for thread: 0x000000001a61f000
RBP=0x000000001d21ccd0 is pointing into the stack for thread: 0x000000001a61f000
RSI=0x00000000006b5949 is an unknown value
RDI=0x000000001177d000 is an unknown value
R8 =0x00000000007936e0 is an unknown value
R9 =0x00000000000000dc is an unknown value
R10=0x00000000027e8c3b is at code_begin+891 in an Interpreter codelet
method entry point (kind = native)  [0x00000000027e88c0, 0x00000000027e9280]  2496 bytes
R11=0x000000005dfbcf20 is an unknown value
R12=0x0000000000000000 is an unknown value
R13={method} {0x000000001d272850} 'reset' '(J)V' in 'net/sf/clipsrules/jni/Environment'
R14=0x000000001d21cd00 is pointing into the stack for thread: 0x000000001a61f000
R15=0x000000001a61f000 is a thread


Stack: [0x000000001d120000,0x000000001d220000],  sp=0x000000001d21cbd0,  free space=1010k
Native frames: (J=compiled Java code, j=interpreted, Vv=VM code, C=native code)
C  [CLIPSJNI.dll+0x1ef1f]
C  [CLIPSJNI.dll+0xb1e61]
C  0x00000000027e8c67

Java frames: (J=compiled Java code, j=interpreted, Vv=VM code)
j  net.sf.clipsrules.jni.Environment.reset(J)V+0
j  net.sf.clipsrules.jni.Environment.reset()V+5
j  clips.integration.ClipsInterface.PredictActionPerformed(Ljava/awt/event/ActionEvent;)V+4
j  clips.integration.ClipsInterface.access$100(Lclips/integration/ClipsInterface;Ljava/awt/event/ActionEvent;)V+2
j  clips.integration.ClipsInterface$5.actionPerformed(Ljava/awt/event/ActionEvent;)V+5
j  javax.swing.AbstractButton.fireActionPerformed(Ljava/awt/event/ActionEvent;)V+83
j  javax.swing.AbstractButton$Handler.actionPerformed(Ljava/awt/event/ActionEvent;)V+5
j  javax.swing.DefaultButtonModel.fireActionPerformed(Ljava/awt/event/ActionEvent;)V+34
j  javax.swing.DefaultButtonModel.setPressed(Z)V+117
j  javax.swing.plaf.basic.BasicButtonListener.mouseReleased(Ljava/awt/event/MouseEvent;)V+35
j  java.awt.Component.processMouseEvent(Ljava/awt/event/MouseEvent;)V+64
j  javax.swing.JComponent.processMouseEvent(Ljava/awt/event/MouseEvent;)V+23
J 829 C1 java.awt.Component.processEvent(Ljava/awt/AWTEvent;)V (220 bytes) @ 0x0000000002aef1e4 [0x0000000002aeecc0+0x524]
J 757 C1 java.awt.Container.processEvent(Ljava/awt/AWTEvent;)V (22 bytes) @ 0x0000000002ab1c4c [0x0000000002ab1920+0x32c]
J 809 C1 java.awt.Component.dispatchEventImpl(Ljava/awt/AWTEvent;)V (921 bytes) @ 0x0000000002ad528c [0x0000000002acfd80+0x550c]
J 635 C1 java.awt.Container.dispatchEventImpl(Ljava/awt/AWTEvent;)V (129 bytes) @ 0x0000000002a3c444 [0x0000000002a3c300+0x144]
J 741 C1 java.awt.LightweightDispatcher.retargetMouseEvent(Ljava/awt/Component;ILjava/awt/event/MouseEvent;)V (372 bytes) @ 0x0000000002aa67a4 [0x0000000002aa3f20+0x2884]
J 827 C1 java.awt.LightweightDispatcher.processMouseEvent(Ljava/awt/event/MouseEvent;)Z (286 bytes) @ 0x0000000002aec784 [0x0000000002aeb080+0x1704]
J 745 C1 java.awt.LightweightDispatcher.dispatchEvent(Ljava/awt/AWTEvent;)Z (73 bytes) @ 0x0000000002aaa1fc [0x0000000002aa9dc0+0x43c]
J 635 C1 java.awt.Container.dispatchEventImpl(Ljava/awt/AWTEvent;)V (129 bytes) @ 0x0000000002a3c3e4 [0x0000000002a3c300+0xe4]
J 753 C1 java.awt.Window.dispatchEventImpl(Ljava/awt/AWTEvent;)V (23 bytes) @ 0x0000000002aafe24 [0x0000000002aaf840+0x5e4]
J 697 C1 java.awt.EventQueue.dispatchEventImpl(Ljava/awt/AWTEvent;Ljava/lang/Object;)V (149 bytes) @ 0x0000000002a69cbc [0x0000000002a68480+0x183c]
J 695 C1 java.awt.EventQueue$3.run()Ljava/lang/Void; (60 bytes) @ 0x0000000002a6774c [0x0000000002a67540+0x20c]
J 694 C1 java.awt.EventQueue$3.run()Ljava/lang/Object; (5 bytes) @ 0x0000000002a671cc [0x0000000002a67140+0x8c]
v  ~StubRoutines::call_stub
J 616  java.security.AccessController.doPrivileged(Ljava/security/PrivilegedAction;Ljava/security/AccessControlContext;)Ljava/lang/Object; (0 bytes) @ 0x0000000002a328a6 [0x0000000002a32840+0x66]
J 746 C1 java.awt.EventQueue$4.run()Ljava/lang/Object; (5 bytes) @ 0x0000000002aaadac [0x0000000002aaa980+0x42c]
v  ~StubRoutines::call_stub
J 616  java.security.AccessController.doPrivileged(Ljava/security/PrivilegedAction;Ljava/security/AccessControlContext;)Ljava/lang/Object; (0 bytes) @ 0x0000000002a328a6 [0x0000000002a32840+0x66]
J 651 C1 java.awt.EventQueue.dispatchEvent(Ljava/awt/AWTEvent;)V (80 bytes) @ 0x0000000002a444fc [0x0000000002a43680+0xe7c]
J 656 C1 java.awt.EventDispatchThread.pumpOneEventForFilters(I)V (190 bytes) @ 0x0000000002a4b58c [0x0000000002a4a440+0x114c]
j  java.awt.EventDispatchThread.pumpEventsForFilter(ILjava/awt/Conditional;Ljava/awt/EventFilter;)V+35
j  java.awt.EventDispatchThread.pumpEventsForHierarchy(ILjava/awt/Conditional;Ljava/awt/Component;)V+11
j  java.awt.EventDispatchThread.pumpEvents(ILjava/awt/Conditional;)V+4
j  java.awt.EventDispatchThread.pumpEvents(Ljava/awt/Conditional;)V+3
j  java.awt.EventDispatchThread.run()V+9
v  ~StubRoutines::call_stub

---------------  P R O C E S S  ---------------

Java Threads: ( => current thread )
  0x000000001a8c8800 JavaThread "TimerQueue" daemon [_thread_blocked, id=28888, stack(0x000000001e460000,0x000000001e560000)]
  0x00000000026d2800 JavaThread "DestroyJavaVM" [_thread_blocked, id=104048, stack(0x0000000002500000,0x0000000002600000)]
=>0x000000001a61f000 JavaThread "AWT-EventQueue-0" [_thread_in_native, id=44860, stack(0x000000001d120000,0x000000001d220000)]
  0x000000001a5c4000 JavaThread "AWT-Windows" daemon [_thread_in_native, id=10536, stack(0x000000001aed0000,0x000000001afd0000)]
  0x000000001a5c1000 JavaThread "AWT-Shutdown" [_thread_blocked, id=94520, stack(0x000000001add0000,0x000000001aed0000)]
  0x000000001a5c0800 JavaThread "Java2D Disposer" daemon [_thread_blocked, id=78276, stack(0x000000001acd0000,0x000000001add0000)]
  0x000000001955a800 JavaThread "Service Thread" daemon [_thread_blocked, id=22432, stack(0x000000001a190000,0x000000001a290000)]
  0x00000000194ce000 JavaThread "C1 CompilerThread3" daemon [_thread_blocked, id=71652, stack(0x000000001a090000,0x000000001a190000)]
  0x00000000194c9800 JavaThread "C2 CompilerThread2" daemon [_thread_blocked, id=17912, stack(0x0000000019f90000,0x000000001a090000)]
  0x00000000194c7000 JavaThread "C2 CompilerThread1" daemon [_thread_blocked, id=80216, stack(0x0000000019e90000,0x0000000019f90000)]
  0x00000000194c4000 JavaThread "C2 CompilerThread0" daemon [_thread_blocked, id=6500, stack(0x0000000019d90000,0x0000000019e90000)]
  0x00000000194c0800 JavaThread "Attach Listener" daemon [_thread_blocked, id=14236, stack(0x0000000019c90000,0x0000000019d90000)]
  0x00000000176de800 JavaThread "Signal Dispatcher" daemon [_thread_blocked, id=65356, stack(0x0000000019b90000,0x0000000019c90000)]
  0x00000000027c9800 JavaThread "Finalizer" daemon [_thread_blocked, id=49076, stack(0x0000000019990000,0x0000000019a90000)]
  0x00000000027c6000 JavaThread "Reference Handler" daemon [_thread_blocked, id=101132, stack(0x0000000019890000,0x0000000019990000)]

Other Threads:
  0x00000000176c9800 VMThread [stack: 0x0000000019390000,0x0000000019490000] [id=40000]
  0x0000000019574000 WatcherThread [stack: 0x000000001a290000,0x000000001a390000] [id=67008]

VM state:not at safepoint (normal execution)

VM Mutex/Monitor currently owned by a thread: None

heap address: 0x0000000082600000, size: 2010 MB, Compressed Oops mode: 32-bit
Narrow klass base: 0x0000000000000000, Narrow klass shift: 3
Compressed class space size: 1073741824 Address: 0x0000000100000000

Heap:
 PSYoungGen      total 37888K, used 9643K [0x00000000d6200000, 0x00000000d8c00000, 0x0000000100000000)
  eden space 32768K, 29% used [0x00000000d6200000,0x00000000d6b6aec8,0x00000000d8200000)
  from space 5120K, 0% used [0x00000000d8700000,0x00000000d8700000,0x00000000d8c00000)
  to   space 5120K, 0% used [0x00000000d8200000,0x00000000d8200000,0x00000000d8700000)
 ParOldGen       total 86016K, used 0K [0x0000000082600000, 0x0000000087a00000, 0x00000000d6200000)
  object space 86016K, 0% used [0x0000000082600000,0x0000000082600000,0x0000000087a00000)
 Metaspace       used 11781K, capacity 11976K, committed 12160K, reserved 1060864K
  class space    used 1499K, capacity 1576K, committed 1664K, reserved 1048576K

Card table byte_map: [0x0000000011b90000,0x0000000011f80000] byte_map_base: 0x000000001177d000

Marking Bits: (ParMarkBitMap*) 0x000000005e5b5ce0
 Begin Bits: [0x0000000012a20000, 0x0000000014988000)
 End Bits:   [0x0000000014988000, 0x00000000168f0000)

Polling page: 0x0000000000c70000

CodeCache: size=245760Kb used=3422Kb max_used=3431Kb free=242337Kb
 bounds [0x00000000027d0000, 0x0000000002b30000, 0x00000000117d0000]
 total_blobs=1412 nmethods=933 adapters=391
 compilation: enabled

Compilation events (10 events):
Event: 15.479 Thread 0x00000000194ce000 nmethod 927 0x0000000002b27a10 code [0x0000000002b27b60, 0x0000000002b27cd0]
Event: 15.482 Thread 0x00000000194c9800 nmethod 928% 0x0000000002b29010 code [0x0000000002b291c0, 0x0000000002b29858]
Event: 15.564 Thread 0x00000000194c7000  930       4       sun.util.logging.PlatformLogger::isLoggable (38 bytes)
Event: 15.564 Thread 0x00000000194c7000 nmethod 930 0x0000000002b28b50 code [0x0000000002b28ca0, 0x0000000002b28df8]
Event: 16.039 Thread 0x00000000194ce000  931       3       sun.java2d.SurfaceData::markDirty (8 bytes)
Event: 16.040 Thread 0x00000000194ce000 nmethod 931 0x0000000002b286d0 code [0x0000000002b28840, 0x0000000002b28a90]
Event: 16.040 Thread 0x00000000194ce000  932       3       java.awt.RenderingHints$Key::hashCode (5 bytes)
Event: 16.040 Thread 0x00000000194ce000 nmethod 932 0x0000000002b28350 code [0x0000000002b284c0, 0x0000000002b28648]
Event: 16.040 Thread 0x00000000194ce000  933       3       sun.awt.SunHints$Value::get (8 bytes)
Event: 16.040 Thread 0x00000000194ce000 nmethod 933 0x0000000002b27f10 code [0x0000000002b28080, 0x0000000002b28210]

GC Heap History (0 events):
No events

Deoptimization events (7 events):
Event: 0.236 Thread 0x00000000026d2800 Uncommon trap: reason=null_check action=make_not_entrant pc=0x000000000293d2d4 method=java.lang.String.equals(Ljava/lang/Object;)Z @ 8
Event: 0.366 Thread 0x000000001a61f000 Uncommon trap: reason=unstable_if action=reinterpret pc=0x00000000029a1ac4 method=java.util.HashMap.getNode(ILjava/lang/Object;)Ljava/util/HashMap$Node; @ 84
Event: 0.394 Thread 0x000000001a61f000 Uncommon trap: reason=bimorphic action=maybe_recompile pc=0x00000000029b1328 method=java.util.HashMap.putVal(ILjava/lang/Object;Ljava/lang/Object;ZZ)Ljava/lang/Object; @ 152
Event: 0.402 Thread 0x000000001a61f000 Uncommon trap: reason=bimorphic action=maybe_recompile pc=0x00000000029b1328 method=java.util.HashMap.putVal(ILjava/lang/Object;Ljava/lang/Object;ZZ)Ljava/lang/Object; @ 152
Event: 0.424 Thread 0x000000001a61f000 Uncommon trap: reason=bimorphic action=maybe_recompile pc=0x00000000029b1328 method=java.util.HashMap.putVal(ILjava/lang/Object;Ljava/lang/Object;ZZ)Ljava/lang/Object; @ 152
Event: 0.424 Thread 0x000000001a61f000 Uncommon trap: reason=bimorphic action=maybe_recompile pc=0x00000000029b1328 method=java.util.HashMap.putVal(ILjava/lang/Object;Ljava/lang/Object;ZZ)Ljava/lang/Object; @ 152
Event: 3.565 Thread 0x000000001a61f000 Uncommon trap: reason=unstable_if action=reinterpret pc=0x0000000002a3dda4 method=java.awt.Component.inside(II)Z @ 21

Classes redefined (0 events):
No events

Internal exceptions (10 events):
Event: 0.274 Thread 0x00000000026d2800 Exception <a 'java/lang/ClassNotFoundException': ToolBar> (0x00000000d6606de8) thrown at [C:\re\workspace\8-2-build-windows-amd64-cygwin\jdk8u202\12323\hotspot\src\share\vm\classfile\systemDictionary.cpp, line 210]
Event: 0.274 Thread 0x00000000026d2800 Exception <a 'java/lang/ClassNotFoundException': ToggleButton> (0x00000000d6607398) thrown at [C:\re\workspace\8-2-build-windows-amd64-cygwin\jdk8u202\12323\hotspot\src\share\vm\classfile\systemDictionary.cpp, line 210]
Event: 0.274 Thread 0x00000000026d2800 Exception <a 'java/lang/ClassNotFoundException': javax/swing/JToolBarSeparator> (0x00000000d66077f8) thrown at [C:\re\workspace\8-2-build-windows-amd64-cygwin\jdk8u202\12323\hotspot\src\share\vm\classfile\systemDictionary.cpp, line 210]
Event: 0.274 Thread 0x00000000026d2800 Exception <a 'java/lang/ClassNotFoundException': ToolBarSeparator> (0x00000000d6607c90) thrown at [C:\re\workspace\8-2-build-windows-amd64-cygwin\jdk8u202\12323\hotspot\src\share\vm\classfile\systemDictionary.cpp, line 210]
Event: 0.274 Thread 0x00000000026d2800 Exception <a 'java/lang/ClassNotFoundException': ToolTip> (0x00000000d66083d0) thrown at [C:\re\workspace\8-2-build-windows-amd64-cygwin\jdk8u202\12323\hotspot\src\share\vm\classfile\systemDictionary.cpp, line 210]
Event: 0.275 Thread 0x00000000026d2800 Exception <a 'java/lang/ClassNotFoundException': Tree> (0x00000000d6608ff0) thrown at [C:\re\workspace\8-2-build-windows-amd64-cygwin\jdk8u202\12323\hotspot\src\share\vm\classfile\systemDictionary.cpp, line 210]
Event: 0.275 Thread 0x00000000026d2800 Exception <a 'java/lang/ClassNotFoundException': Tree> (0x00000000d6609730) thrown at [C:\re\workspace\8-2-build-windows-amd64-cygwin\jdk8u202\12323\hotspot\src\share\vm\classfile\systemDictionary.cpp, line 210]
Event: 0.275 Thread 0x00000000026d2800 Exception <a 'java/lang/ClassNotFoundException': javax/swing/JTreeCell> (0x00000000d6609ab0) thrown at [C:\re\workspace\8-2-build-windows-amd64-cygwin\jdk8u202\12323\hotspot\src\share\vm\classfile\systemDictionary.cpp, line 210]
Event: 0.275 Thread 0x00000000026d2800 Exception <a 'java/lang/ClassNotFoundException': TreeCell> (0x00000000d6609f38) thrown at [C:\re\workspace\8-2-build-windows-amd64-cygwin\jdk8u202\12323\hotspot\src\share\vm\classfile\systemDictionary.cpp, line 210]
Event: 0.275 Thread 0x00000000026d2800 Exception <a 'java/lang/ClassNotFoundException': RootPane> (0x00000000d660a998) thrown at [C:\re\workspace\8-2-build-windows-amd64-cygwin\jdk8u202\12323\hotspot\src\share\vm\classfile\systemDictionary.cpp, line 210]

Events (10 events):
Event: 1.692 loading class javax/swing/Autoscroller done
Event: 3.565 Thread 0x000000001a61f000 Uncommon trap: trap_request=0xffffff65 fr.pc=0x0000000002a3dda4
Event: 3.565 Thread 0x000000001a61f000 DEOPT PACKING pc=0x0000000002a3dda4 sp=0x000000001d21e030
Event: 3.565 Thread 0x000000001a61f000 DEOPT UNPACKING pc=0x000000000281583b sp=0x000000001d21dee0 mode 2
Event: 3.600 loading class java/awt/LightweightDispatcher$2
Event: 3.600 loading class java/awt/LightweightDispatcher$2 done
Event: 4.066 loading class javax/swing/Timer$1
Event: 4.066 loading class javax/swing/Timer$1 done
Event: 4.094 Executing VM operation: EnableBiasedLocking
Event: 4.094 Executing VM operation: EnableBiasedLocking done


Dynamic libraries:
0x00007ff77e580000 - 0x00007ff77e5b7000 	C:\Program Files\Java\jdk1.8.0_202\bin\java.exe
0x00007ffb2d540000 - 0x00007ffb2d730000 	C:\WINDOWS\SYSTEM32\ntdll.dll
0x00007ffb2ce00000 - 0x00007ffb2ceb2000 	C:\WINDOWS\System32\KERNEL32.DLL
0x00007ffb2a5c0000 - 0x00007ffb2a864000 	C:\WINDOWS\System32\KERNELBASE.dll
0x00007ffb2c730000 - 0x00007ffb2c7d3000 	C:\WINDOWS\System32\ADVAPI32.dll
0x00007ffb2c340000 - 0x00007ffb2c3de000 	C:\WINDOWS\System32\msvcrt.dll
0x00007ffb2d400000 - 0x00007ffb2d497000 	C:\WINDOWS\System32\sechost.dll
0x00007ffb2cc60000 - 0x00007ffb2cd80000 	C:\WINDOWS\System32\RPCRT4.dll
0x00007ffb2c3e0000 - 0x00007ffb2c574000 	C:\WINDOWS\System32\USER32.dll
0x00007ffb2a590000 - 0x00007ffb2a5b1000 	C:\WINDOWS\System32\win32u.dll
0x00007ffb2b620000 - 0x00007ffb2b646000 	C:\WINDOWS\System32\GDI32.dll
0x00007ffb2a920000 - 0x00007ffb2aab4000 	C:\WINDOWS\System32\gdi32full.dll
0x00007ffb2a4d0000 - 0x00007ffb2a56e000 	C:\WINDOWS\System32\msvcp_win.dll
0x00007ffb2b2f0000 - 0x00007ffb2b3ea000 	C:\WINDOWS\System32\ucrtbase.dll
0x00007ffb03420000 - 0x00007ffb036a4000 	C:\WINDOWS\WinSxS\amd64_microsoft.windows.common-controls_6595b64144ccf1df_6.0.18362.815_none_e6c3b941130ffef4\COMCTL32.dll
0x00007ffb2c000000 - 0x00007ffb2c336000 	C:\WINDOWS\System32\combase.dll
0x00007ffb2b540000 - 0x00007ffb2b5c0000 	C:\WINDOWS\System32\bcryptPrimitives.dll
0x00007ffb2b5f0000 - 0x00007ffb2b61e000 	C:\WINDOWS\System32\IMM32.DLL
0x000000005dcb0000 - 0x000000005dd82000 	C:\Program Files\Java\jdk1.8.0_202\jre\bin\msvcr100.dll
0x000000005dd90000 - 0x000000005e635000 	C:\Program Files\Java\jdk1.8.0_202\jre\bin\server\jvm.dll
0x00007ffb2c930000 - 0x00007ffb2c938000 	C:\WINDOWS\System32\PSAPI.DLL
0x00007ffb259c0000 - 0x00007ffb259ca000 	C:\WINDOWS\SYSTEM32\VERSION.dll
0x00007ffb1ff30000 - 0x00007ffb1ff54000 	C:\WINDOWS\SYSTEM32\WINMM.dll
0x00007ffb12260000 - 0x00007ffb12269000 	C:\WINDOWS\SYSTEM32\WSOCK32.dll
0x00007ffb2c940000 - 0x00007ffb2c9af000 	C:\WINDOWS\System32\WS2_32.dll
0x00007ffb1ff00000 - 0x00007ffb1ff2d000 	C:\WINDOWS\SYSTEM32\winmmbase.dll
0x00007ffb2b2a0000 - 0x00007ffb2b2ea000 	C:\WINDOWS\System32\cfgmgr32.dll
0x00007ffb23fd0000 - 0x00007ffb23fdf000 	C:\Program Files\Java\jdk1.8.0_202\jre\bin\verify.dll
0x00007ffb0f660000 - 0x00007ffb0f689000 	C:\Program Files\Java\jdk1.8.0_202\jre\bin\java.dll
0x00007ffb116a0000 - 0x00007ffb116b6000 	C:\Program Files\Java\jdk1.8.0_202\jre\bin\zip.dll
0x00007ffb2b660000 - 0x00007ffb2bd44000 	C:\WINDOWS\System32\SHELL32.dll
0x00007ffb2bdb0000 - 0x00007ffb2be59000 	C:\WINDOWS\System32\shcore.dll
0x00007ffb2ab20000 - 0x00007ffb2b29d000 	C:\WINDOWS\System32\windows.storage.dll
0x00007ffb2a480000 - 0x00007ffb2a4a3000 	C:\WINDOWS\System32\profapi.dll
0x00007ffb2a430000 - 0x00007ffb2a47a000 	C:\WINDOWS\System32\powrprof.dll
0x00007ffb2a400000 - 0x00007ffb2a410000 	C:\WINDOWS\System32\UMPDC.dll
0x00007ffb2bfa0000 - 0x00007ffb2bff2000 	C:\WINDOWS\System32\shlwapi.dll
0x00007ffb2a4b0000 - 0x00007ffb2a4c1000 	C:\WINDOWS\System32\kernel.appcore.dll
0x00007ffb2a570000 - 0x00007ffb2a587000 	C:\WINDOWS\System32\cryptsp.dll
0x00007ffaf8ad0000 - 0x00007ffaf8c69000 	C:\Program Files\Java\jdk1.8.0_202\jre\bin\awt.dll
0x00007ffb2be60000 - 0x00007ffb2bf24000 	C:\WINDOWS\System32\OLEAUT32.dll
0x00007ffb28250000 - 0x00007ffb282df000 	C:\WINDOWS\SYSTEM32\apphelp.dll
0x00007ffb28390000 - 0x00007ffb28429000 	C:\WINDOWS\system32\uxtheme.dll
0x00007ffb2c7f0000 - 0x00007ffb2c926000 	C:\WINDOWS\System32\MSCTF.dll
0x00007ffafb7d0000 - 0x00007ffafb8ca000 	C:\ProgramData\A-Volute\A-Volute.Nahimic\Modules\Scheduled\x64\A-Volute.NahimicDevProps2.dll
0x00007ffb2c9b0000 - 0x00007ffb2cb07000 	C:\WINDOWS\System32\ole32.dll
0x00007ffb13170000 - 0x00007ffb1321d000 	C:\ProgramData\A-Volute\A-Volute.Nahimic\Modules\Scheduled\x64\NahimicOSD.dll
0x00007ffb25630000 - 0x00007ffb25653000 	C:\ProgramData\A-Volute\A-Volute.Nahimic\Modules\Scheduled\x64\ProductInfo.dll
0x00007ffb28880000 - 0x00007ffb288ad000 	C:\WINDOWS\system32\DWMAPI.DLL
0x00007ffb000d0000 - 0x00007ffb00117000 	C:\Program Files\Java\jdk1.8.0_202\jre\bin\fontmanager.dll
0x00007ffb14070000 - 0x00007ffb141c6000 	C:\WINDOWS\system32\opengl32.dll
0x00007ffb25140000 - 0x00007ffb2516c000 	C:\WINDOWS\SYSTEM32\GLU32.dll
0x00007ffb29070000 - 0x00007ffb29090000 	C:\WINDOWS\SYSTEM32\dxcore.dll
0x00007ffb0e460000 - 0x00007ffb0e47a000 	C:\Program Files\Java\jdk1.8.0_202\jre\bin\net.dll
0x00007ffb1dec0000 - 0x00007ffb1e096000 	C:\WINDOWS\SYSTEM32\urlmon.dll
0x00007ffb1a0b0000 - 0x00007ffb1a356000 	C:\WINDOWS\SYSTEM32\iertutil.dll
0x00007ffb29e40000 - 0x00007ffb29e4c000 	C:\WINDOWS\SYSTEM32\CRYPTBASE.DLL
0x00007ffb29c70000 - 0x00007ffb29cd7000 	C:\WINDOWS\system32\mswsock.dll
0x00007ffb02f80000 - 0x00007ffb02f92000 	C:\Program Files\Java\jdk1.8.0_202\jre\bin\nio.dll
0x00007ffafffa0000 - 0x00007ffafffe2000 	C:\Program Files\Java\jdk1.8.0_202\jre\bin\t2k.dll
0x00007ffb0e490000 - 0x00007ffb0e611000 	C:\Windows\System32\CLIPSJNI.dll
0x00007ffb20300000 - 0x00007ffb2039e000 	C:\WINDOWS\System32\TextInputFramework.dll
0x00007ffb1f900000 - 0x00007ffb1fc2a000 	C:\WINDOWS\System32\CoreUIComponents.dll
0x00007ffb28040000 - 0x00007ffb28114000 	C:\WINDOWS\System32\CoreMessaging.dll
0x00007ffb29460000 - 0x00007ffb29491000 	C:\WINDOWS\SYSTEM32\ntmarta.dll
0x00007ffb26520000 - 0x00007ffb26673000 	C:\WINDOWS\SYSTEM32\wintypes.dll
0x00007ffb02d70000 - 0x00007ffb02d9a000 	C:\Program Files\Java\jdk1.8.0_202\jre\bin\dcpr.dll
0x00007ffb22010000 - 0x00007ffb22204000 	C:\WINDOWS\SYSTEM32\dbghelp.dll

VM Arguments:
jvm_args: -Dfile.encoding=UTF-8 
java_command: clips.integration.ClipsInterface
java_class_path (initial): C:\Users\juanj\OneDrive\Documents\I semestre 2020\IA\Clips Integration\CLIPSJNI.jar;C:\Users\juanj\OneDrive\Documents\I semestre 2020\IA\Clips Integration\build\classes
Launcher Type: SUN_STANDARD

Environment Variables:
PATH=C:\Program Files\Microsoft MPI\Bin\;C:\Program Files (x86)\Common Files\Oracle\Java\javapath;C:\Program Files (x86)\Intel\Intel(R) Management Engine Components\iCLS\;C:\Program Files\Intel\Intel(R) Management Engine Components\iCLS\;C:\Windows\system32;C:\Windows;C:\Windows\System32\Wbem;C:\Windows\System32\WindowsPowerShell\v1.0\;C:\Windows\System32\OpenSSH\;C:\Program Files (x86)\NVIDIA Corporation\PhysX\Common;C:\Program Files\Intel\WiFi\bin\;C:\Program Files\Common Files\Intel\WirelessCommon\;C:\Program Files (x86)\Intel\Intel(R) Management Engine Components\DAL;C:\Program Files\Intel\Intel(R) Management Engine Components\DAL;C:\Program Files (x86)\Intel\Intel(R) Management Engine Components\IPT;C:\Program Files\Intel\Intel(R) Management Engine Components\IPT;C:\Program Files (x86)\Microsoft SQL Server\140\Tools\Binn\;C:\Program Files\Microsoft SQL Server\140\Tools\Binn\;C:\Program Files (x86)\Microsoft SQL Server\140\DTS\Binn\;C:\Program Files\Microsoft SQL Server\140\DTS\Binn\;C:\Program Files\Microsoft SQL Server\Client SDK\ODBC\130\Tools\Binn\;C:\PostgreSQL\pg10\bin;C:\Program Files (x86)\Microsoft SQL Server\Client SDK\ODBC\130\Tools\Binn\;C:\Program Files (x86)\Microsoft SQL Server\140\Tools\Binn\ManagementStudio\;C:\Program Files\NVIDIA Corporation\NVIDIA NvDLISR;D:\NodeJs\;C:\WINDOWS\system32;C:\WINDOWS;C:\WINDOWS\System32\Wbem;C:\WINDOWS\System32\WindowsPowerShell\v1.0\;C:\WINDOWS\System32\OpenSSH\;C:\Program Files\MiKTeX 2.9\miktex\bin\x64\;C:\Users\juanj\AppData\Local\Programs\Python\Python37-32\Scripts;C:\Users\juanj\AppData\Local\Microsoft\WindowsApps;C:\Users\juanj\AppData\Local\GitHubDesktop\bin;C:\Users\juanj\AppData\Roaming\npm;D:\Microsoft VS Code\bin;C:\Users\juanj\AppData\Local\Microsoft\WindowsApps;;C:\Program Files\JetBrains\PyCharm Community Edition 2019.3.3\bin;
USERNAME=juanj
OS=Windows_NT
PROCESSOR_IDENTIFIER=Intel64 Family 6 Model 158 Stepping 10, GenuineIntel



---------------  S Y S T E M  ---------------

OS: Windows 10.0 , 64 bit Build 18362 (10.0.18362.778)

CPU:total 8 (initial active 8) (4 cores per cpu, 2 threads per core) family 6 model 158 stepping 10, cmov, cx8, fxsr, mmx, sse, sse2, sse3, ssse3, sse4.1, sse4.2, popcnt, avx, avx2, aes, clmul, erms, 3dnowpref, lzcnt, ht, tsc, tscinvbit, bmi1, bmi2, adx

Memory: 4k page, physical 8228928k(1308892k free), swap 18714688k(7347760k free)

vm_info: Java HotSpot(TM) 64-Bit Server VM (25.202-b08) for windows-amd64 JRE (1.8.0_202-b08), built on Dec 15 2018 19:54:30 by "java_re" with MS VC++ 10.0 (VS2010)

time: Sun May 17 13:46:20 2020
timezone: Central America Standard Time
elapsed time: 16 seconds (0d 0h 0m 16s)

