#
# A fatal error has been detected by the Java Runtime Environment:
#
#  EXCEPTION_ACCESS_VIOLATION (0xc0000005) at pc=0x00007ffb1131ef1f, pid=27164, tid=0x0000000000011240
#
# JRE version: Java(TM) SE Runtime Environment (8.0_202-b08) (build 1.8.0_202-b08)
# Java VM: Java HotSpot(TM) 64-Bit Server VM (25.202-b08 mixed mode windows-amd64 compressed oops)
# Problematic frame:
# C  [CLIPSJNI.dll+0x1ef1f]
#
# Failed to write core dump. Minidumps are not enabled by default on client versions of Windows
#
# If you would like to submit a bug report, please visit:
#   http://bugreport.java.com/bugreport/crash.jsp
# The crash happened outside the Java Virtual Machine in native code.
# See problematic frame for where to report the bug.
#

---------------  T H R E A D  ---------------

Current thread (0x000000001ae89800):  JavaThread "AWT-EventQueue-0" [_thread_in_native, id=70208, stack(0x000000001baa0000,0x000000001bba0000)]

siginfo: ExceptionCode=0xc0000005, reading address 0x000000000000000c

Registers:
RAX=0x0000000000000000, RBX=0x000000001dbb2848, RCX=0x00000000011a08d0, RDX=0x000000001ae899f8
RSP=0x000000001bb9ce80, RBP=0x000000001bb9cf80, RSI=0x00000000006bd43a, RDI=0x000000001201d000
R8 =0x00000000011a0220, R9 =0x00000000000000dc, R10=0x0000000003088c3b, R11=0x000000005dfbcf20
R12=0x0000000000000000, R13=0x000000001dbb2848, R14=0x000000001bb9cfb0, R15=0x000000001ae89800
RIP=0x00007ffb1131ef1f, EFLAGS=0x0000000000010206

Top of Stack: (sp=0x000000001bb9ce80)
0x000000001bb9ce80:   00000000d685dbf0 00000000d76d36b8
0x000000001bb9ce90:   0000000000000000 0000000000000000
0x000000001bb9cea0:   000000001ae899f8 0000000003077b30
0x000000001bb9ceb0:   0000000000000000 00007ffb113b1e61
0x000000001bb9cec0:   00000000011a0220 000000001ae899f8
0x000000001bb9ced0:   ffffff4f1bb9d1a8 0000000003077b30
0x000000001bb9cee0:   000000001ae899f8 0000000000000162
0x000000001bb9cef0:   0000000000000000 0000000003088c67
0x000000001bb9cf00:   000000001ae899f8 000000001bb9cfb0
0x000000001bb9cf10:   00000000011a0220 00000000d76d33b0
0x000000001bb9cf20:   00000000d7a81cf0 00000000d64a7100
0x000000001bb9cf30:   000000001ae89800 0000000017a4a000
0x000000001bb9cf40:   000000001bb9cf40 0000000000000000
0x000000001bb9cf50:   000000001bb9cfb0 000000001dbb5210
0x000000001bb9cf60:   0000000000000000 000000001dbb2848
0x000000001bb9cf70:   0000000000000000 000000001bb9cfa0 

Instructions: (pc=0x00007ffb1131ef1f)
0x00007ffb1131eeff:   cc 48 89 4c 24 08 48 83 ec 38 b8 08 00 00 00 48
0x00007ffb1131ef0f:   6b c0 2a 48 8b 4c 24 40 48 8b 49 28 48 8b 04 01
0x00007ffb1131ef1f:   83 78 0c 00 74 05 e9 6a 02 00 00 b8 08 00 00 00
0x00007ffb1131ef2f:   48 6b c0 2a 48 8b 4c 24 40 48 8b 49 28 48 8b 04 


Register to memory mapping:

RAX=0x0000000000000000 is an unknown value
RBX={method} {0x000000001dbb2850} 'reset' '(J)V' in 'net/sf/clipsrules/jni/Environment'
RCX=0x00000000011a08d0 is an unknown value
RDX=0x000000001ae899f8 is an unknown value
RSP=0x000000001bb9ce80 is pointing into the stack for thread: 0x000000001ae89800
RBP=0x000000001bb9cf80 is pointing into the stack for thread: 0x000000001ae89800
RSI=0x00000000006bd43a is an unknown value
RDI=0x000000001201d000 is an unknown value
R8 =0x00000000011a0220 is an unknown value
R9 =0x00000000000000dc is an unknown value
R10=0x0000000003088c3b is at code_begin+891 in an Interpreter codelet
method entry point (kind = native)  [0x00000000030888c0, 0x0000000003089280]  2496 bytes
R11=0x000000005dfbcf20 is an unknown value
R12=0x0000000000000000 is an unknown value
R13={method} {0x000000001dbb2850} 'reset' '(J)V' in 'net/sf/clipsrules/jni/Environment'
R14=0x000000001bb9cfb0 is pointing into the stack for thread: 0x000000001ae89800
R15=0x000000001ae89800 is a thread


Stack: [0x000000001baa0000,0x000000001bba0000],  sp=0x000000001bb9ce80,  free space=1011k
Native frames: (J=compiled Java code, j=interpreted, Vv=VM code, C=native code)
C  [CLIPSJNI.dll+0x1ef1f]
C  [CLIPSJNI.dll+0xb1e61]
C  0x0000000003088c67

Java frames: (J=compiled Java code, j=interpreted, Vv=VM code)
j  net.sf.clipsrules.jni.Environment.reset(J)V+0
j  net.sf.clipsrules.jni.Environment.reset()V+5
j  clips.integration.ClipsInterface.PredictActionPerformed(Ljava/awt/event/ActionEvent;)V+4
j  clips.integration.ClipsInterface.access$100(Lclips/integration/ClipsInterface;Ljava/awt/event/ActionEvent;)V+2
j  clips.integration.ClipsInterface$5.actionPerformed(Ljava/awt/event/ActionEvent;)V+5
j  javax.swing.AbstractButton.fireActionPerformed(Ljava/awt/event/ActionEvent;)V+83
j  javax.swing.AbstractButton$Handler.actionPerformed(Ljava/awt/event/ActionEvent;)V+5
j  javax.swing.DefaultButtonModel.fireActionPerformed(Ljava/awt/event/ActionEvent;)V+34
j  javax.swing.DefaultButtonModel.setPressed(Z)V+117
j  javax.swing.plaf.basic.BasicButtonListener.mouseReleased(Ljava/awt/event/MouseEvent;)V+35
j  java.awt.Component.processMouseEvent(Ljava/awt/event/MouseEvent;)V+64
j  javax.swing.JComponent.processMouseEvent(Ljava/awt/event/MouseEvent;)V+23
j  java.awt.Component.processEvent(Ljava/awt/AWTEvent;)V+81
J 1539 C1 java.awt.Container.processEvent(Ljava/awt/AWTEvent;)V (22 bytes) @ 0x00000000035b900c [0x00000000035b8ce0+0x32c]
J 1144 C1 java.awt.Component.dispatchEventImpl(Ljava/awt/AWTEvent;)V (921 bytes) @ 0x000000000344874c [0x0000000003443220+0x552c]
J 1199 C1 java.awt.Container.dispatchEventImpl(Ljava/awt/AWTEvent;)V (129 bytes) @ 0x00000000034939f4 [0x00000000034938c0+0x134]
J 1488 C1 java.awt.Component.dispatchEvent(Ljava/awt/AWTEvent;)V (6 bytes) @ 0x000000000359d184 [0x000000000359d080+0x104]
j  java.awt.LightweightDispatcher.retargetMouseEvent(Ljava/awt/Component;ILjava/awt/event/MouseEvent;)V+349
j  java.awt.LightweightDispatcher.processMouseEvent(Ljava/awt/event/MouseEvent;)Z+155
J 1017 C1 java.awt.LightweightDispatcher.dispatchEvent(Ljava/awt/AWTEvent;)Z (73 bytes) @ 0x00000000033e00bc [0x00000000033dfc80+0x43c]
J 1199 C1 java.awt.Container.dispatchEventImpl(Ljava/awt/AWTEvent;)V (129 bytes) @ 0x0000000003493994 [0x00000000034938c0+0xd4]
J 1016 C1 java.awt.Window.dispatchEventImpl(Ljava/awt/AWTEvent;)V (23 bytes) @ 0x00000000033e2b24 [0x00000000033e2540+0x5e4]
J 1127 C1 java.awt.EventQueue.dispatchEventImpl(Ljava/awt/AWTEvent;Ljava/lang/Object;)V (149 bytes) @ 0x00000000034309fc [0x000000000342f1c0+0x183c]
J 1125 C1 java.awt.EventQueue$3.run()Ljava/lang/Void; (60 bytes) @ 0x000000000342c7cc [0x000000000342c5c0+0x20c]
J 1124 C1 java.awt.EventQueue$3.run()Ljava/lang/Object; (5 bytes) @ 0x000000000342ce8c [0x000000000342ce00+0x8c]
v  ~StubRoutines::call_stub
J 826  java.security.AccessController.doPrivileged(Ljava/security/PrivilegedAction;Ljava/security/AccessControlContext;)Ljava/lang/Object; (0 bytes) @ 0x000000000335ade6 [0x000000000335ad80+0x66]
J 868 C1 java.awt.EventQueue$4.run()Ljava/lang/Object; (5 bytes) @ 0x000000000337e96c [0x000000000337e540+0x42c]
v  ~StubRoutines::call_stub
J 826  java.security.AccessController.doPrivileged(Ljava/security/PrivilegedAction;Ljava/security/AccessControlContext;)Ljava/lang/Object; (0 bytes) @ 0x000000000335ade6 [0x000000000335ad80+0x66]
J 861 C1 java.awt.EventQueue.dispatchEvent(Ljava/awt/AWTEvent;)V (80 bytes) @ 0x00000000033782bc [0x0000000003377440+0xe7c]
J 865 C1 java.awt.EventDispatchThread.pumpOneEventForFilters(I)V (190 bytes) @ 0x000000000337c64c [0x000000000337b500+0x114c]
j  java.awt.EventDispatchThread.pumpEventsForFilter(ILjava/awt/Conditional;Ljava/awt/EventFilter;)V+35
j  java.awt.EventDispatchThread.pumpEventsForHierarchy(ILjava/awt/Conditional;Ljava/awt/Component;)V+11
j  java.awt.EventDispatchThread.pumpEvents(ILjava/awt/Conditional;)V+4
j  java.awt.EventDispatchThread.pumpEvents(Ljava/awt/Conditional;)V+3
j  java.awt.EventDispatchThread.run()V+9
v  ~StubRoutines::call_stub

---------------  P R O C E S S  ---------------

Java Threads: ( => current thread )
  0x000000001f177000 JavaThread "TimerQueue" daemon [_thread_blocked, id=1764, stack(0x0000000020f40000,0x0000000021040000)]
  0x0000000002f72800 JavaThread "DestroyJavaVM" [_thread_blocked, id=17776, stack(0x0000000002e70000,0x0000000002f70000)]
=>0x000000001ae89800 JavaThread "AWT-EventQueue-0" [_thread_in_native, id=70208, stack(0x000000001baa0000,0x000000001bba0000)]
  0x000000001ae30000 JavaThread "AWT-Windows" daemon [_thread_in_native, id=72544, stack(0x000000001b7b0000,0x000000001b8b0000)]
  0x000000001ae2d000 JavaThread "AWT-Shutdown" [_thread_blocked, id=52644, stack(0x000000001b6b0000,0x000000001b7b0000)]
  0x000000001ae2c800 JavaThread "Java2D Disposer" daemon [_thread_blocked, id=104972, stack(0x000000001b5b0000,0x000000001b6b0000)]
  0x0000000019e39000 JavaThread "Service Thread" daemon [_thread_blocked, id=113288, stack(0x000000001aa70000,0x000000001ab70000)]
  0x0000000019dda000 JavaThread "C1 CompilerThread3" daemon [_thread_blocked, id=34616, stack(0x000000001a970000,0x000000001aa70000)]
  0x0000000019db2000 JavaThread "C2 CompilerThread2" daemon [_thread_blocked, id=37876, stack(0x000000001a870000,0x000000001a970000)]
  0x0000000019daa800 JavaThread "C2 CompilerThread1" daemon [_thread_blocked, id=93008, stack(0x000000001a770000,0x000000001a870000)]
  0x0000000019da8000 JavaThread "C2 CompilerThread0" daemon [_thread_blocked, id=67080, stack(0x000000001a670000,0x000000001a770000)]
  0x0000000019da1000 JavaThread "Attach Listener" daemon [_thread_blocked, id=4272, stack(0x000000001a570000,0x000000001a670000)]
  0x0000000019d9e000 JavaThread "Signal Dispatcher" daemon [_thread_blocked, id=94748, stack(0x000000001a470000,0x000000001a570000)]
  0x0000000019d90800 JavaThread "Finalizer" daemon [_thread_blocked, id=16572, stack(0x000000001a270000,0x000000001a370000)]
  0x0000000003067000 JavaThread "Reference Handler" daemon [_thread_blocked, id=82276, stack(0x000000001a170000,0x000000001a270000)]

Other Threads:
  0x0000000017f99800 VMThread [stack: 0x0000000019c70000,0x0000000019d70000] [id=3472]
  0x0000000019e09000 WatcherThread [stack: 0x000000001ab70000,0x000000001ac70000] [id=34640]

VM state:not at safepoint (normal execution)

VM Mutex/Monitor currently owned by a thread: None

heap address: 0x0000000082600000, size: 2010 MB, Compressed Oops mode: 32-bit
Narrow klass base: 0x0000000000000000, Narrow klass shift: 3
Compressed class space size: 1073741824 Address: 0x0000000100000000

Heap:
 PSYoungGen      total 37888K, used 25446K [0x00000000d6200000, 0x00000000d8c00000, 0x0000000100000000)
  eden space 32768K, 77% used [0x00000000d6200000,0x00000000d7ad9b98,0x00000000d8200000)
  from space 5120K, 0% used [0x00000000d8700000,0x00000000d8700000,0x00000000d8c00000)
  to   space 5120K, 0% used [0x00000000d8200000,0x00000000d8200000,0x00000000d8700000)
 ParOldGen       total 86016K, used 0K [0x0000000082600000, 0x0000000087a00000, 0x00000000d6200000)
  object space 86016K, 0% used [0x0000000082600000,0x0000000082600000,0x0000000087a00000)
 Metaspace       used 12257K, capacity 12424K, committed 12672K, reserved 1060864K
  class space    used 1499K, capacity 1576K, committed 1664K, reserved 1048576K

Card table byte_map: [0x0000000012430000,0x0000000012820000] byte_map_base: 0x000000001201d000

Marking Bits: (ParMarkBitMap*) 0x000000005e5b5ce0
 Begin Bits: [0x00000000132c0000, 0x0000000015228000)
 End Bits:   [0x0000000015228000, 0x0000000017190000)

Polling page: 0x0000000001110000

CodeCache: size=245760Kb used=5528Kb max_used=5531Kb free=240231Kb
 bounds [0x0000000003070000, 0x00000000035e0000, 0x0000000012070000]
 total_blobs=2057 nmethods=1579 adapters=390
 compilation: enabled

Compilation events (10 events):
Event: 11.309 Thread 0x0000000019dda000 1575       1       sun.awt.windows.WObjectPeer::isDisposed (5 bytes)
Event: 11.309 Thread 0x0000000019dda000 nmethod 1575 0x00000000035d9390 code [0x00000000035d94e0, 0x00000000035d95f0]
Event: 11.342 Thread 0x0000000019dda000 1576   !   3       java.awt.event.InputEvent::canAccessSystemClipboard (57 bytes)
Event: 11.343 Thread 0x0000000019dda000 nmethod 1576 0x00000000035d8310 code [0x00000000035d8520, 0x00000000035d8f58]
Event: 11.662 Thread 0x0000000019dda000 1577       3       java.util.IdentityHashMap::clear (39 bytes)
Event: 11.663 Thread 0x0000000019dda000 nmethod 1577 0x00000000035d7d10 code [0x00000000035d7e80, 0x00000000035d81d0]
Event: 11.663 Thread 0x0000000019dda000 1578       3       java.awt.geom.AffineTransform::getTranslateX (5 bytes)
Event: 11.663 Thread 0x0000000019dda000 nmethod 1578 0x00000000035d7a10 code [0x00000000035d7b60, 0x00000000035d7cb0]
Event: 11.663 Thread 0x0000000019dda000 1579       3       java.awt.geom.AffineTransform::getTranslateY (5 bytes)
Event: 11.663 Thread 0x0000000019dda000 nmethod 1579 0x00000000035d7710 code [0x00000000035d7860, 0x00000000035d79b0]

GC Heap History (0 events):
No events

Deoptimization events (10 events):
Event: 5.398 Thread 0x000000001ae89800 Uncommon trap: reason=predicate action=maybe_recompile pc=0x00000000032c04d0 method=java.awt.LinearGradientPaintContext.fillRaster([IIIIIII)V @ 56
Event: 5.398 Thread 0x000000001ae89800 Uncommon trap: reason=unstable_if action=reinterpret pc=0x00000000032a2aa8 method=java.awt.MultipleGradientPaintContext.indexIntoGradientsArrays(F)I @ 93
Event: 5.399 Thread 0x000000001ae89800 Uncommon trap: reason=unstable_if action=reinterpret pc=0x00000000032a97a8 method=java.awt.MultipleGradientPaintContext.indexIntoGradientsArrays(F)I @ 93
Event: 5.530 Thread 0x000000001ae89800 Uncommon trap: reason=bimorphic action=maybe_recompile pc=0x00000000032507f4 method=java.util.HashMap.putVal(ILjava/lang/Object;Ljava/lang/Object;ZZ)Ljava/lang/Object; @ 152
Event: 5.604 Thread 0x000000001ae89800 Uncommon trap: reason=bimorphic action=maybe_recompile pc=0x00000000032507f4 method=java.util.HashMap.putVal(ILjava/lang/Object;Ljava/lang/Object;ZZ)Ljava/lang/Object; @ 152
Event: 5.605 Thread 0x000000001ae89800 Uncommon trap: reason=bimorphic action=maybe_recompile pc=0x0000000003254320 method=java.util.HashMap.putVal(ILjava/lang/Object;Ljava/lang/Object;ZZ)Ljava/lang/Object; @ 152
Event: 5.608 Thread 0x000000001ae89800 Uncommon trap: reason=unstable_if action=reinterpret pc=0x00000000032d1d2c method=java.awt.MultipleGradientPaintContext.indexIntoGradientsArrays(F)I @ 118
Event: 9.415 Thread 0x000000001ae89800 Uncommon trap: reason=unstable_if action=reinterpret pc=0x00000000034e56d0 method=javax.swing.RepaintManager.addDirtyRegion0(Ljava/awt/Container;IIII)V @ 61
Event: 9.591 Thread 0x000000001ae89800 Uncommon trap: reason=unstable_if action=reinterpret pc=0x000000000357ee00 method=java.util.concurrent.locks.ReentrantLock$Sync.tryRelease(I)Z @ 28
Event: 9.591 Thread 0x000000001ae89800 Uncommon trap: reason=unstable_if action=reinterpret pc=0x000000000355fa00 method=java.util.concurrent.locks.ReentrantLock$Sync.tryRelease(I)Z @ 28

Classes redefined (0 events):
No events

Internal exceptions (10 events):
Event: 0.513 Thread 0x0000000002f72800 Exception <a 'java/lang/ClassNotFoundException': ToolBar> (0x00000000d6606bb8) thrown at [C:\re\workspace\8-2-build-windows-amd64-cygwin\jdk8u202\12323\hotspot\src\share\vm\classfile\systemDictionary.cpp, line 210]
Event: 0.513 Thread 0x0000000002f72800 Exception <a 'java/lang/ClassNotFoundException': ToggleButton> (0x00000000d6607168) thrown at [C:\re\workspace\8-2-build-windows-amd64-cygwin\jdk8u202\12323\hotspot\src\share\vm\classfile\systemDictionary.cpp, line 210]
Event: 0.513 Thread 0x0000000002f72800 Exception <a 'java/lang/ClassNotFoundException': javax/swing/JToolBarSeparator> (0x00000000d66075c8) thrown at [C:\re\workspace\8-2-build-windows-amd64-cygwin\jdk8u202\12323\hotspot\src\share\vm\classfile\systemDictionary.cpp, line 210]
Event: 0.513 Thread 0x0000000002f72800 Exception <a 'java/lang/ClassNotFoundException': ToolBarSeparator> (0x00000000d6607a60) thrown at [C:\re\workspace\8-2-build-windows-amd64-cygwin\jdk8u202\12323\hotspot\src\share\vm\classfile\systemDictionary.cpp, line 210]
Event: 0.513 Thread 0x0000000002f72800 Exception <a 'java/lang/ClassNotFoundException': ToolTip> (0x00000000d66081a0) thrown at [C:\re\workspace\8-2-build-windows-amd64-cygwin\jdk8u202\12323\hotspot\src\share\vm\classfile\systemDictionary.cpp, line 210]
Event: 0.514 Thread 0x0000000002f72800 Exception <a 'java/lang/ClassNotFoundException': Tree> (0x00000000d6608dc0) thrown at [C:\re\workspace\8-2-build-windows-amd64-cygwin\jdk8u202\12323\hotspot\src\share\vm\classfile\systemDictionary.cpp, line 210]
Event: 0.514 Thread 0x0000000002f72800 Exception <a 'java/lang/ClassNotFoundException': Tree> (0x00000000d6609500) thrown at [C:\re\workspace\8-2-build-windows-amd64-cygwin\jdk8u202\12323\hotspot\src\share\vm\classfile\systemDictionary.cpp, line 210]
Event: 0.514 Thread 0x0000000002f72800 Exception <a 'java/lang/ClassNotFoundException': javax/swing/JTreeCell> (0x00000000d6609880) thrown at [C:\re\workspace\8-2-build-windows-amd64-cygwin\jdk8u202\12323\hotspot\src\share\vm\classfile\systemDictionary.cpp, line 210]
Event: 0.514 Thread 0x0000000002f72800 Exception <a 'java/lang/ClassNotFoundException': TreeCell> (0x00000000d6609d08) thrown at [C:\re\workspace\8-2-build-windows-amd64-cygwin\jdk8u202\12323\hotspot\src\share\vm\classfile\systemDictionary.cpp, line 210]
Event: 0.514 Thread 0x0000000002f72800 Exception <a 'java/lang/ClassNotFoundException': RootPane> (0x00000000d660a768) thrown at [C:\re\workspace\8-2-build-windows-amd64-cygwin\jdk8u202\12323\hotspot\src\share\vm\classfile\systemDictionary.cpp, line 210]

Events (10 events):
Event: 9.592 loading class java/util/concurrent/TimeUnit$5
Event: 9.592 loading class java/util/concurrent/TimeUnit$5 done
Event: 9.592 loading class java/util/concurrent/TimeUnit$6
Event: 9.592 loading class java/util/concurrent/TimeUnit$6 done
Event: 9.592 loading class java/util/concurrent/TimeUnit$7
Event: 9.592 loading class java/util/concurrent/TimeUnit$7 done
Event: 9.656 loading class java/awt/LightweightDispatcher$2
Event: 9.656 loading class java/awt/LightweightDispatcher$2 done
Event: 10.123 loading class javax/swing/Timer$1
Event: 10.123 loading class javax/swing/Timer$1 done


Dynamic libraries:
0x00007ff77e580000 - 0x00007ff77e5b7000 	C:\Program Files\Java\jdk1.8.0_202\bin\java.exe
0x00007ffb2d540000 - 0x00007ffb2d730000 	C:\WINDOWS\SYSTEM32\ntdll.dll
0x00007ffb2ce00000 - 0x00007ffb2ceb2000 	C:\WINDOWS\System32\KERNEL32.DLL
0x00007ffb2a5c0000 - 0x00007ffb2a864000 	C:\WINDOWS\System32\KERNELBASE.dll
0x00007ffb2c730000 - 0x00007ffb2c7d3000 	C:\WINDOWS\System32\ADVAPI32.dll
0x00007ffb2c340000 - 0x00007ffb2c3de000 	C:\WINDOWS\System32\msvcrt.dll
0x00007ffb2d400000 - 0x00007ffb2d497000 	C:\WINDOWS\System32\sechost.dll
0x00007ffb2cc60000 - 0x00007ffb2cd80000 	C:\WINDOWS\System32\RPCRT4.dll
0x00007ffb2c3e0000 - 0x00007ffb2c574000 	C:\WINDOWS\System32\USER32.dll
0x00007ffb2a590000 - 0x00007ffb2a5b1000 	C:\WINDOWS\System32\win32u.dll
0x00007ffb2b620000 - 0x00007ffb2b646000 	C:\WINDOWS\System32\GDI32.dll
0x00007ffb2a920000 - 0x00007ffb2aab4000 	C:\WINDOWS\System32\gdi32full.dll
0x00007ffb2a4d0000 - 0x00007ffb2a56e000 	C:\WINDOWS\System32\msvcp_win.dll
0x00007ffb2b2f0000 - 0x00007ffb2b3ea000 	C:\WINDOWS\System32\ucrtbase.dll
0x00007ffb03420000 - 0x00007ffb036a4000 	C:\WINDOWS\WinSxS\amd64_microsoft.windows.common-controls_6595b64144ccf1df_6.0.18362.815_none_e6c3b941130ffef4\COMCTL32.dll
0x00007ffb2c000000 - 0x00007ffb2c336000 	C:\WINDOWS\System32\combase.dll
0x00007ffb2b540000 - 0x00007ffb2b5c0000 	C:\WINDOWS\System32\bcryptPrimitives.dll
0x00007ffb2b5f0000 - 0x00007ffb2b61e000 	C:\WINDOWS\System32\IMM32.DLL
0x000000005dcb0000 - 0x000000005dd82000 	C:\Program Files\Java\jdk1.8.0_202\jre\bin\msvcr100.dll
0x000000005dd90000 - 0x000000005e635000 	C:\Program Files\Java\jdk1.8.0_202\jre\bin\server\jvm.dll
0x00007ffb2c930000 - 0x00007ffb2c938000 	C:\WINDOWS\System32\PSAPI.DLL
0x00007ffb12260000 - 0x00007ffb12269000 	C:\WINDOWS\SYSTEM32\WSOCK32.dll
0x00007ffb2c940000 - 0x00007ffb2c9af000 	C:\WINDOWS\System32\WS2_32.dll
0x00007ffb259c0000 - 0x00007ffb259ca000 	C:\WINDOWS\SYSTEM32\VERSION.dll
0x00007ffb1ff30000 - 0x00007ffb1ff54000 	C:\WINDOWS\SYSTEM32\WINMM.dll
0x00007ffb1ff00000 - 0x00007ffb1ff2d000 	C:\WINDOWS\SYSTEM32\winmmbase.dll
0x00007ffb2b2a0000 - 0x00007ffb2b2ea000 	C:\WINDOWS\System32\cfgmgr32.dll
0x00007ffb23fd0000 - 0x00007ffb23fdf000 	C:\Program Files\Java\jdk1.8.0_202\jre\bin\verify.dll
0x00007ffb0f660000 - 0x00007ffb0f689000 	C:\Program Files\Java\jdk1.8.0_202\jre\bin\java.dll
0x00007ffb116a0000 - 0x00007ffb116b6000 	C:\Program Files\Java\jdk1.8.0_202\jre\bin\zip.dll
0x00007ffb2b660000 - 0x00007ffb2bd44000 	C:\WINDOWS\System32\SHELL32.dll
0x00007ffb2bdb0000 - 0x00007ffb2be59000 	C:\WINDOWS\System32\shcore.dll
0x00007ffb2ab20000 - 0x00007ffb2b29d000 	C:\WINDOWS\System32\windows.storage.dll
0x00007ffb2a480000 - 0x00007ffb2a4a3000 	C:\WINDOWS\System32\profapi.dll
0x00007ffb2a430000 - 0x00007ffb2a47a000 	C:\WINDOWS\System32\powrprof.dll
0x00007ffb2a400000 - 0x00007ffb2a410000 	C:\WINDOWS\System32\UMPDC.dll
0x00007ffb2bfa0000 - 0x00007ffb2bff2000 	C:\WINDOWS\System32\shlwapi.dll
0x00007ffb2a4b0000 - 0x00007ffb2a4c1000 	C:\WINDOWS\System32\kernel.appcore.dll
0x00007ffb2a570000 - 0x00007ffb2a587000 	C:\WINDOWS\System32\cryptsp.dll
0x00007ffaf8ad0000 - 0x00007ffaf8c69000 	C:\Program Files\Java\jdk1.8.0_202\jre\bin\awt.dll
0x00007ffb2be60000 - 0x00007ffb2bf24000 	C:\WINDOWS\System32\OLEAUT32.dll
0x00007ffb28250000 - 0x00007ffb282df000 	C:\WINDOWS\SYSTEM32\apphelp.dll
0x00007ffb28390000 - 0x00007ffb28429000 	C:\WINDOWS\system32\uxtheme.dll
0x00007ffb2c7f0000 - 0x00007ffb2c926000 	C:\WINDOWS\System32\MSCTF.dll
0x00007ffafb7d0000 - 0x00007ffafb8ca000 	C:\ProgramData\A-Volute\A-Volute.Nahimic\Modules\Scheduled\x64\A-Volute.NahimicDevProps2.dll
0x00007ffb2c9b0000 - 0x00007ffb2cb07000 	C:\WINDOWS\System32\ole32.dll
0x00007ffb13170000 - 0x00007ffb1321d000 	C:\ProgramData\A-Volute\A-Volute.Nahimic\Modules\Scheduled\x64\NahimicOSD.dll
0x00007ffb25630000 - 0x00007ffb25653000 	C:\ProgramData\A-Volute\A-Volute.Nahimic\Modules\Scheduled\x64\ProductInfo.dll
0x00007ffb28880000 - 0x00007ffb288ad000 	C:\WINDOWS\system32\DWMAPI.DLL
0x00007ffb000d0000 - 0x00007ffb00117000 	C:\Program Files\Java\jdk1.8.0_202\jre\bin\fontmanager.dll
0x00007ffb14070000 - 0x00007ffb141c6000 	C:\WINDOWS\system32\opengl32.dll
0x00007ffb25140000 - 0x00007ffb2516c000 	C:\WINDOWS\SYSTEM32\GLU32.dll
0x00007ffb29070000 - 0x00007ffb29090000 	C:\WINDOWS\SYSTEM32\dxcore.dll
0x00007ffb0e460000 - 0x00007ffb0e47a000 	C:\Program Files\Java\jdk1.8.0_202\jre\bin\net.dll
0x00007ffb1dec0000 - 0x00007ffb1e096000 	C:\WINDOWS\SYSTEM32\urlmon.dll
0x00007ffb1a0b0000 - 0x00007ffb1a356000 	C:\WINDOWS\SYSTEM32\iertutil.dll
0x00007ffb29e40000 - 0x00007ffb29e4c000 	C:\WINDOWS\SYSTEM32\CRYPTBASE.DLL
0x00007ffb29c70000 - 0x00007ffb29cd7000 	C:\WINDOWS\system32\mswsock.dll
0x00007ffb02f80000 - 0x00007ffb02f92000 	C:\Program Files\Java\jdk1.8.0_202\jre\bin\nio.dll
0x00007ffafffa0000 - 0x00007ffafffe2000 	C:\Program Files\Java\jdk1.8.0_202\jre\bin\t2k.dll
0x00007ffb11300000 - 0x00007ffb11481000 	C:\Users\juanj\OneDrive\Documents\I semestre 2020\IA\Clips Integration\CLIPSJNI.dll
0x00007ffb20300000 - 0x00007ffb2039e000 	C:\WINDOWS\System32\TextInputFramework.dll
0x00007ffb28040000 - 0x00007ffb28114000 	C:\WINDOWS\System32\CoreMessaging.dll
0x00007ffb1f900000 - 0x00007ffb1fc2a000 	C:\WINDOWS\System32\CoreUIComponents.dll
0x00007ffb26520000 - 0x00007ffb26673000 	C:\WINDOWS\SYSTEM32\wintypes.dll
0x00007ffb29460000 - 0x00007ffb29491000 	C:\WINDOWS\SYSTEM32\ntmarta.dll
0x00007ffb02d70000 - 0x00007ffb02d9a000 	C:\Program Files\Java\jdk1.8.0_202\jre\bin\dcpr.dll
0x00007ffb22010000 - 0x00007ffb22204000 	C:\WINDOWS\SYSTEM32\dbghelp.dll

VM Arguments:
jvm_args: -Dfile.encoding=UTF-8 
java_command: clips.integration.ClipsInterface
java_class_path (initial): C:\Users\juanj\OneDrive\Documents\I semestre 2020\IA\Clips Integration\CLIPSJNI.jar;C:\Users\juanj\OneDrive\Documents\I semestre 2020\IA\Clips Integration\build\classes
Launcher Type: SUN_STANDARD

Environment Variables:
PATH=C:\Program Files\Microsoft MPI\Bin\;C:\Program Files (x86)\Common Files\Oracle\Java\javapath;C:\Program Files (x86)\Intel\Intel(R) Management Engine Components\iCLS\;C:\Program Files\Intel\Intel(R) Management Engine Components\iCLS\;C:\Windows\system32;C:\Windows;C:\Windows\System32\Wbem;C:\Windows\System32\WindowsPowerShell\v1.0\;C:\Windows\System32\OpenSSH\;C:\Program Files (x86)\NVIDIA Corporation\PhysX\Common;C:\Program Files\Intel\WiFi\bin\;C:\Program Files\Common Files\Intel\WirelessCommon\;C:\Program Files (x86)\Intel\Intel(R) Management Engine Components\DAL;C:\Program Files\Intel\Intel(R) Management Engine Components\DAL;C:\Program Files (x86)\Intel\Intel(R) Management Engine Components\IPT;C:\Program Files\Intel\Intel(R) Management Engine Components\IPT;C:\Program Files (x86)\Microsoft SQL Server\140\Tools\Binn\;C:\Program Files\Microsoft SQL Server\140\Tools\Binn\;C:\Program Files (x86)\Microsoft SQL Server\140\DTS\Binn\;C:\Program Files\Microsoft SQL Server\140\DTS\Binn\;C:\Program Files\Microsoft SQL Server\Client SDK\ODBC\130\Tools\Binn\;C:\PostgreSQL\pg10\bin;C:\Program Files (x86)\Microsoft SQL Server\Client SDK\ODBC\130\Tools\Binn\;C:\Program Files (x86)\Microsoft SQL Server\140\Tools\Binn\ManagementStudio\;C:\Program Files\NVIDIA Corporation\NVIDIA NvDLISR;D:\NodeJs\;C:\WINDOWS\system32;C:\WINDOWS;C:\WINDOWS\System32\Wbem;C:\WINDOWS\System32\WindowsPowerShell\v1.0\;C:\WINDOWS\System32\OpenSSH\;C:\Program Files\MiKTeX 2.9\miktex\bin\x64\;C:\Users\juanj\AppData\Local\Programs\Python\Python37-32\Scripts;C:\Users\juanj\AppData\Local\Microsoft\WindowsApps;C:\Users\juanj\AppData\Local\GitHubDesktop\bin;C:\Users\juanj\AppData\Roaming\npm;D:\Microsoft VS Code\bin;C:\Users\juanj\AppData\Local\Microsoft\WindowsApps;;C:\Program Files\JetBrains\PyCharm Community Edition 2019.3.3\bin;
USERNAME=juanj
OS=Windows_NT
PROCESSOR_IDENTIFIER=Intel64 Family 6 Model 158 Stepping 10, GenuineIntel



---------------  S Y S T E M  ---------------

OS: Windows 10.0 , 64 bit Build 18362 (10.0.18362.778)

CPU:total 8 (initial active 8) (4 cores per cpu, 2 threads per core) family 6 model 158 stepping 10, cmov, cx8, fxsr, mmx, sse, sse2, sse3, ssse3, sse4.1, sse4.2, popcnt, avx, avx2, aes, clmul, erms, 3dnowpref, lzcnt, ht, tsc, tscinvbit, bmi1, bmi2, adx

Memory: 4k page, physical 8228928k(1328916k free), swap 18714688k(7722368k free)

vm_info: Java HotSpot(TM) 64-Bit Server VM (25.202-b08) for windows-amd64 JRE (1.8.0_202-b08), built on Dec 15 2018 19:54:30 by "java_re" with MS VC++ 10.0 (VS2010)

time: Sun May 17 13:35:12 2020
timezone: Central America Standard Time
elapsed time: 11 seconds (0d 0h 0m 11s)

